2025-07-04 19:35:50,292 - __main__ - INFO - Запуск Telegram HR Bot...
2025-07-04 19:35:50,333 - __main__ - INFO - Таблицы базы данных созданы успешно
2025-07-04 19:35:50,333 - __main__ - ERROR - Ошибка при инициализации Telegram бота: name 'TelegramHRBot' is not defined
2025-07-04 19:35:50,333 - __main__ - WARNING - Telegram бот не инициализирован. Планировщик уведомлений не будет запущен.
2025-07-04 19:35:50,333 - __main__ - INFO - Запуск Flask приложения на порту 5000
2025-07-04 19:35:51,687 - werkzeug - INFO - [31m[1mWARNING: This is a development server. Do not use it in a production deployment. Use a production WSGI server instead.[0m
 * Running on all addresses (0.0.0.0)
 * Running on http://127.0.0.1:5000
 * Running on http://10.8.1.4:5000
2025-07-04 19:35:51,687 - werkzeug - INFO - [33mPress CTRL+C to quit[0m
2025-07-08 14:19:43,977 - __main__ - INFO - Запуск Telegram HR Bot...
2025-07-08 14:19:44,017 - __main__ - INFO - Таблицы базы данных созданы успешно
2025-07-08 14:19:44,018 - telegram_bot - INFO - TelegramHRBot инициализирован
2025-07-08 14:19:44,018 - __main__ - INFO - Telegram бот инициализирован успешно
2025-07-08 14:19:44,018 - scheduler - INFO - NotificationScheduler инициализирован
2025-07-08 14:19:44,018 - __main__ - INFO - Планировщик уведомлений инициализирован успешно
2025-07-08 14:19:44,018 - __main__ - INFO - Запуск Telegram бота...
2025-07-08 14:19:44,019 - __main__ - INFO - Запуск планировщика уведомлений...
2025-07-08 14:19:44,019 - __main__ - INFO - Запуск Flask приложения на порту 5000
2025-07-08 14:19:44,019 - telegram_bot - INFO - Запуск Telegram-бота в режиме polling...
2025-07-08 14:19:44,019 - scheduler - INFO - Планировщик уведомлений запущен
2025-07-08 14:19:45,361 - werkzeug - INFO - [31m[1mWARNING: This is a development server. Do not use it in a production deployment. Use a production WSGI server instead.[0m
 * Running on all addresses (0.0.0.0)
 * Running on http://127.0.0.1:5000
 * Running on http://10.8.1.4:5000
2025-07-08 14:19:45,361 - werkzeug - INFO - [33mPress CTRL+C to quit[0m
2025-07-08 14:20:43,648 - telegram_bot - INFO - Создан новый пользователь: 7450741395
2025-07-08 14:20:49,315 - telegram_bot - ERROR - Ошибка в handle_callback_query: 'TelegramHRBot' object has no attribute 'handle_role_selection'
2025-07-08 14:20:52,470 - telegram_bot - ERROR - Ошибка в handle_callback_query: 'TelegramHRBot' object has no attribute 'handle_role_selection'
2025-07-08 14:33:36,070 - __main__ - INFO - Запуск Telegram HR Bot...
2025-07-08 14:33:36,105 - __main__ - INFO - Таблицы базы данных созданы успешно
2025-07-08 14:33:36,106 - telegram_bot - INFO - TelegramHRBot инициализирован
2025-07-08 14:33:36,106 - __main__ - INFO - Telegram бот инициализирован успешно
2025-07-08 14:33:36,106 - scheduler - INFO - NotificationScheduler инициализирован
2025-07-08 14:33:36,107 - __main__ - INFO - Планировщик уведомлений инициализирован успешно
2025-07-08 14:33:36,107 - __main__ - INFO - Запуск Telegram бота...
2025-07-08 14:33:36,107 - __main__ - INFO - Запуск планировщика уведомлений...
2025-07-08 14:33:36,107 - __main__ - INFO - Запуск Flask приложения на порту 5000
2025-07-08 14:33:36,107 - telegram_bot - INFO - Запуск Telegram-бота в режиме polling...
2025-07-08 14:33:36,108 - scheduler - INFO - Планировщик уведомлений запущен
2025-07-08 14:33:40,524 - werkzeug - INFO - [31m[1mWARNING: This is a development server. Do not use it in a production deployment. Use a production WSGI server instead.[0m
 * Running on all addresses (0.0.0.0)
 * Running on http://127.0.0.1:5000
 * Running on http://10.8.1.4:5000
2025-07-08 14:33:40,525 - werkzeug - INFO - [33mPress CTRL+C to quit[0m
2025-07-08 14:33:55,045 - telegram_bot - INFO - Создан новый пользователь: 8171189556
2025-07-08 14:34:21,755 - telegram_bot - ERROR - Ошибка в show_job_details: Instance <User at 0x1e3cf984180> is not bound to a Session; attribute refresh operation cannot proceed (Background on this error at: https://sqlalche.me/e/20/bhk3)
2025-07-08 14:34:26,514 - telegram_bot - ERROR - Ошибка в handle_callback_query: Instance <User at 0x1e3cf984180> is not bound to a Session; attribute refresh operation cannot proceed (Background on this error at: https://sqlalche.me/e/20/bhk3)
2025-07-08 14:34:31,157 - __main__ - ERROR - Ошибка при запуске Telegram бота: Instance <User at 0x1e3cf479ba0> is not bound to a Session; attribute refresh operation cannot proceed (Background on this error at: https://sqlalche.me/e/20/bhk3)
2025-07-08 14:39:09,937 - __main__ - INFO - Запуск Telegram HR Bot...
2025-07-08 14:39:09,972 - __main__ - INFO - Таблицы базы данных созданы успешно
2025-07-08 14:39:09,973 - telegram_bot - INFO - TelegramHRBot инициализирован
2025-07-08 14:39:09,973 - __main__ - INFO - Telegram бот инициализирован успешно
2025-07-08 14:39:09,974 - scheduler - INFO - NotificationScheduler инициализирован
2025-07-08 14:39:09,974 - __main__ - INFO - Планировщик уведомлений инициализирован успешно
2025-07-08 14:39:09,974 - __main__ - INFO - Запуск Telegram бота...
2025-07-08 14:39:09,974 - __main__ - INFO - Запуск планировщика уведомлений...
2025-07-08 14:39:09,974 - __main__ - INFO - Запуск Flask приложения на порту 5000
2025-07-08 14:39:09,974 - telegram_bot - INFO - Запуск Telegram-бота в режиме polling...
2025-07-08 14:39:09,975 - scheduler - INFO - Планировщик уведомлений запущен
2025-07-08 14:39:10,348 - telegram_bot - INFO - Создан новый пользователь: 5885375773
2025-07-08 14:39:10,373 - __main__ - ERROR - Ошибка при запуске Telegram бота: Instance <User at 0x2688e2451d0> is not bound to a Session; attribute refresh operation cannot proceed (Background on this error at: https://sqlalche.me/e/20/bhk3)
2025-07-08 14:39:11,300 - werkzeug - INFO - [31m[1mWARNING: This is a development server. Do not use it in a production deployment. Use a production WSGI server instead.[0m
 * Running on all addresses (0.0.0.0)
 * Running on http://127.0.0.1:5000
 * Running on http://10.8.1.4:5000
2025-07-08 14:39:11,300 - werkzeug - INFO - [33mPress CTRL+C to quit[0m
2025-07-08 14:48:24,876 - __main__ - INFO - Запуск Telegram HR Bot...
2025-07-08 14:48:24,912 - __main__ - INFO - Таблицы базы данных созданы успешно
2025-07-08 14:48:24,913 - telegram_bot - INFO - TelegramHRBot инициализирован
2025-07-08 14:48:24,913 - __main__ - INFO - Telegram бот инициализирован успешно
2025-07-08 14:48:24,913 - scheduler - INFO - NotificationScheduler инициализирован
2025-07-08 14:48:24,913 - __main__ - INFO - Планировщик уведомлений инициализирован успешно
2025-07-08 14:48:24,914 - __main__ - INFO - Запуск Telegram бота...
2025-07-08 14:48:24,914 - __main__ - INFO - Запуск планировщика уведомлений...
2025-07-08 14:48:24,914 - __main__ - INFO - Запуск Flask приложения на порту 5000
2025-07-08 14:48:24,914 - telegram_bot - INFO - Запуск Telegram-бота в режиме polling...
2025-07-08 14:48:24,914 - scheduler - INFO - Планировщик уведомлений запущен
2025-07-08 14:48:26,230 - werkzeug - INFO - [31m[1mWARNING: This is a development server. Do not use it in a production deployment. Use a production WSGI server instead.[0m
 * Running on all addresses (0.0.0.0)
 * Running on http://127.0.0.1:5000
 * Running on http://10.8.1.4:5000
2025-07-08 14:48:26,230 - werkzeug - INFO - [33mPress CTRL+C to quit[0m
2025-07-08 14:59:07,592 - __main__ - INFO - Запуск Telegram HR Bot...
2025-07-08 14:59:07,626 - __main__ - INFO - Таблицы базы данных созданы успешно
2025-07-08 14:59:07,627 - telegram_bot - INFO - TelegramHRBot инициализирован
2025-07-08 14:59:07,627 - __main__ - INFO - Telegram бот инициализирован успешно
2025-07-08 14:59:07,627 - scheduler - INFO - NotificationScheduler инициализирован
2025-07-08 14:59:07,628 - __main__ - INFO - Планировщик уведомлений инициализирован успешно
2025-07-08 14:59:07,628 - __main__ - INFO - Запуск Telegram бота...
2025-07-08 14:59:07,628 - telegram_bot - INFO - Запуск Telegram-бота в режиме polling...
2025-07-08 14:59:07,628 - __main__ - INFO - Запуск планировщика уведомлений...
2025-07-08 14:59:07,628 - __main__ - INFO - Запуск Flask приложения на порту 5000
2025-07-08 14:59:07,629 - scheduler - INFO - Планировщик уведомлений запущен
2025-07-08 14:59:08,949 - werkzeug - INFO - [31m[1mWARNING: This is a development server. Do not use it in a production deployment. Use a production WSGI server instead.[0m
 * Running on all addresses (0.0.0.0)
 * Running on http://127.0.0.1:5000
 * Running on http://10.8.1.4:5000
2025-07-08 14:59:08,949 - werkzeug - INFO - [33mPress CTRL+C to quit[0m
2025-07-08 15:16:37,230 - __main__ - INFO - Запуск Telegram HR Bot...
2025-07-08 15:16:37,265 - __main__ - INFO - Таблицы базы данных созданы успешно
2025-07-08 15:16:37,266 - telegram_bot - INFO - TelegramHRBot инициализирован
2025-07-08 15:16:37,266 - __main__ - INFO - Telegram бот инициализирован успешно
2025-07-08 15:16:37,267 - scheduler - INFO - NotificationScheduler инициализирован
2025-07-08 15:16:37,267 - __main__ - INFO - Планировщик уведомлений инициализирован успешно
2025-07-08 15:16:37,267 - __main__ - INFO - Запуск Telegram бота...
2025-07-08 15:16:37,267 - __main__ - INFO - Запуск планировщика уведомлений...
2025-07-08 15:16:37,267 - telegram_bot - INFO - Запуск Telegram-бота в режиме polling...
2025-07-08 15:16:37,267 - __main__ - INFO - Запуск Flask приложения на порту 5000
2025-07-08 15:16:37,267 - scheduler - INFO - Планировщик уведомлений запущен
2025-07-08 15:16:38,594 - werkzeug - INFO - [31m[1mWARNING: This is a development server. Do not use it in a production deployment. Use a production WSGI server instead.[0m
 * Running on all addresses (0.0.0.0)
 * Running on http://127.0.0.1:5000
 * Running on http://10.8.1.4:5000
2025-07-08 15:16:38,594 - werkzeug - INFO - [33mPress CTRL+C to quit[0m
2025-07-08 15:34:42,423 - __main__ - INFO - Запуск Telegram HR Bot...
2025-07-08 15:34:42,460 - __main__ - INFO - Таблицы базы данных созданы успешно
2025-07-08 15:34:42,461 - telegram_bot - INFO - TelegramHRBot инициализирован
2025-07-08 15:34:42,461 - __main__ - INFO - Telegram бот инициализирован успешно
2025-07-08 15:34:42,461 - scheduler - INFO - NotificationScheduler инициализирован
2025-07-08 15:34:42,461 - __main__ - INFO - Планировщик уведомлений инициализирован успешно
2025-07-08 15:34:42,461 - __main__ - INFO - Запуск Telegram бота...
2025-07-08 15:34:42,461 - __main__ - INFO - Запуск планировщика уведомлений...
2025-07-08 15:34:42,461 - __main__ - INFO - Запуск Flask приложения на порту 5000
2025-07-08 15:34:42,461 - telegram_bot - INFO - Запуск Telegram-бота в режиме polling...
2025-07-08 15:34:42,462 - scheduler - INFO - Планировщик уведомлений запущен
2025-07-08 15:34:43,774 - werkzeug - INFO - [31m[1mWARNING: This is a development server. Do not use it in a production deployment. Use a production WSGI server instead.[0m
 * Running on all addresses (0.0.0.0)
 * Running on http://127.0.0.1:5000
 * Running on http://10.8.1.4:5000
2025-07-08 15:34:43,774 - werkzeug - INFO - [33mPress CTRL+C to quit[0m
2025-07-08 15:43:23,290 - __main__ - INFO - Запуск Telegram HR Bot...
2025-07-08 15:43:23,324 - __main__ - INFO - Таблицы базы данных созданы успешно
2025-07-08 15:43:23,324 - telegram_bot - INFO - TelegramHRBot инициализирован
2025-07-08 15:43:23,324 - __main__ - INFO - Telegram бот инициализирован успешно
2025-07-08 15:43:23,325 - scheduler - INFO - NotificationScheduler инициализирован
2025-07-08 15:43:23,325 - __main__ - INFO - Планировщик уведомлений инициализирован успешно
2025-07-08 15:43:23,325 - __main__ - INFO - Запуск Telegram бота...
2025-07-08 15:43:23,325 - telegram_bot - INFO - Запуск Telegram-бота в режиме polling...
2025-07-08 15:43:23,325 - __main__ - INFO - Запуск планировщика уведомлений...
2025-07-08 15:43:23,325 - __main__ - INFO - Запуск Flask приложения на порту 5000
2025-07-08 15:43:23,328 - scheduler - INFO - Планировщик уведомлений запущен
2025-07-08 15:43:24,656 - werkzeug - INFO - [31m[1mWARNING: This is a development server. Do not use it in a production deployment. Use a production WSGI server instead.[0m
 * Running on all addresses (0.0.0.0)
 * Running on http://127.0.0.1:5000
 * Running on http://10.8.1.4:5000
2025-07-08 15:43:24,656 - werkzeug - INFO - [33mPress CTRL+C to quit[0m
2025-07-08 15:54:28,677 - __main__ - INFO - Запуск Telegram HR Bot...
2025-07-08 15:54:28,714 - __main__ - INFO - Таблицы базы данных созданы успешно
2025-07-08 15:54:28,714 - telegram_bot - INFO - TelegramHRBot инициализирован
2025-07-08 15:54:28,714 - __main__ - INFO - Telegram бот инициализирован успешно
2025-07-08 15:54:28,715 - scheduler - INFO - NotificationScheduler инициализирован
2025-07-08 15:54:28,715 - __main__ - INFO - Планировщик уведомлений инициализирован успешно
2025-07-08 15:54:28,715 - __main__ - INFO - Запуск Telegram бота...
2025-07-08 15:54:28,715 - __main__ - INFO - Запуск планировщика уведомлений...
2025-07-08 15:54:28,715 - __main__ - INFO - Запуск Flask приложения на порту 5000
2025-07-08 15:54:28,715 - telegram_bot - INFO - Запуск Telegram-бота в режиме polling...
2025-07-08 15:54:28,715 - scheduler - INFO - Планировщик уведомлений запущен
2025-07-08 15:54:30,063 - werkzeug - INFO - [31m[1mWARNING: This is a development server. Do not use it in a production deployment. Use a production WSGI server instead.[0m
 * Running on all addresses (0.0.0.0)
 * Running on http://127.0.0.1:5000
 * Running on http://10.8.1.4:5000
2025-07-08 15:54:30,064 - werkzeug - INFO - [33mPress CTRL+C to quit[0m
2025-07-08 16:04:56,630 - __main__ - INFO - Запуск Telegram HR Bot...
2025-07-08 16:04:56,666 - __main__ - INFO - Таблицы базы данных созданы успешно
2025-07-08 16:04:56,667 - telegram_bot - INFO - TelegramHRBot инициализирован
2025-07-08 16:04:56,667 - __main__ - INFO - Telegram бот инициализирован успешно
2025-07-08 16:04:56,667 - scheduler - INFO - NotificationScheduler инициализирован
2025-07-08 16:04:56,667 - __main__ - INFO - Планировщик уведомлений инициализирован успешно
2025-07-08 16:04:56,667 - __main__ - INFO - Запуск Telegram бота...
2025-07-08 16:04:56,668 - __main__ - INFO - Запуск планировщика уведомлений...
2025-07-08 16:04:56,668 - __main__ - INFO - Запуск Flask приложения на порту 5000
2025-07-08 16:04:56,668 - telegram_bot - INFO - Запуск Telegram-бота в режиме polling...
2025-07-08 16:04:56,668 - scheduler - INFO - Планировщик уведомлений запущен
2025-07-08 16:04:57,992 - werkzeug - INFO - [31m[1mWARNING: This is a development server. Do not use it in a production deployment. Use a production WSGI server instead.[0m
 * Running on all addresses (0.0.0.0)
 * Running on http://127.0.0.1:5000
 * Running on http://10.8.1.4:5000
2025-07-08 16:04:57,992 - werkzeug - INFO - [33mPress CTRL+C to quit[0m
2025-07-08 16:16:15,776 - __main__ - INFO - Запуск Telegram HR Bot...
2025-07-08 16:16:15,812 - __main__ - INFO - Таблицы базы данных созданы успешно
2025-07-08 16:16:15,814 - telegram_bot - INFO - TelegramHRBot инициализирован
2025-07-08 16:16:15,814 - __main__ - INFO - Telegram бот инициализирован успешно
2025-07-08 16:16:15,814 - scheduler - INFO - NotificationScheduler инициализирован
2025-07-08 16:16:15,814 - __main__ - INFO - Планировщик уведомлений инициализирован успешно
2025-07-08 16:16:15,815 - __main__ - INFO - Запуск Telegram бота...
2025-07-08 16:16:15,815 - __main__ - INFO - Запуск планировщика уведомлений...
2025-07-08 16:16:15,815 - __main__ - INFO - Запуск Flask приложения на порту 5000
2025-07-08 16:16:15,815 - telegram_bot - INFO - Запуск Telegram-бота в режиме polling...
2025-07-08 16:16:15,816 - scheduler - INFO - Планировщик уведомлений запущен
2025-07-08 16:16:17,142 - werkzeug - INFO - [31m[1mWARNING: This is a development server. Do not use it in a production deployment. Use a production WSGI server instead.[0m
 * Running on all addresses (0.0.0.0)
 * Running on http://127.0.0.1:5000
 * Running on http://10.8.1.4:5000
2025-07-08 16:16:17,142 - werkzeug - INFO - [33mPress CTRL+C to quit[0m
2025-07-08 16:24:31,853 - __main__ - INFO - Запуск Telegram HR Bot...
2025-07-08 16:24:31,889 - __main__ - INFO - Таблицы базы данных созданы успешно
2025-07-08 16:24:31,890 - telegram_bot - INFO - TelegramHRBot инициализирован
2025-07-08 16:24:31,890 - __main__ - INFO - Telegram бот инициализирован успешно
2025-07-08 16:24:31,891 - scheduler - INFO - NotificationScheduler инициализирован
2025-07-08 16:24:31,891 - __main__ - INFO - Планировщик уведомлений инициализирован успешно
2025-07-08 16:24:31,891 - __main__ - INFO - Запуск Telegram бота...
2025-07-08 16:24:31,891 - __main__ - INFO - Запуск планировщика уведомлений...
2025-07-08 16:24:31,891 - __main__ - INFO - Запуск Flask приложения на порту 5000
2025-07-08 16:24:31,891 - telegram_bot - INFO - Запуск Telegram-бота в режиме polling...
2025-07-08 16:24:31,891 - scheduler - INFO - Планировщик уведомлений запущен
2025-07-08 16:24:31,895 - urllib3.connectionpool - DEBUG - Starting new HTTPS connection (1): api.telegram.org:443
2025-07-08 16:24:32,097 - urllib3.connectionpool - DEBUG - https://api.telegram.org:443 "GET /bot8171189556:AAEjr_pMy95ae_UvQl-hFz1ziWfbtsz38ec/getMe HTTP/1.1" 200 373
2025-07-08 16:24:32,098 - urllib3.connectionpool - DEBUG - Starting new HTTPS connection (1): api.telegram.org:443
2025-07-08 16:24:33,214 - werkzeug - INFO - [31m[1mWARNING: This is a development server. Do not use it in a production deployment. Use a production WSGI server instead.[0m
 * Running on all addresses (0.0.0.0)
 * Running on http://127.0.0.1:5000
 * Running on http://10.8.1.4:5000
2025-07-08 16:24:33,214 - werkzeug - INFO - [33mPress CTRL+C to quit[0m
2025-07-08 16:30:17,415 - __main__ - INFO - Запуск Telegram HR Bot...
2025-07-08 16:30:17,456 - __main__ - INFO - Таблицы базы данных созданы успешно
2025-07-08 16:30:17,457 - telegram_bot - INFO - TelegramHRBot инициализирован
2025-07-08 16:30:17,457 - __main__ - INFO - Telegram бот инициализирован успешно
2025-07-08 16:30:17,457 - scheduler - INFO - NotificationScheduler инициализирован
2025-07-08 16:30:17,458 - __main__ - INFO - Планировщик уведомлений инициализирован успешно
2025-07-08 16:30:17,458 - __main__ - INFO - Запуск Telegram бота...
2025-07-08 16:30:17,458 - __main__ - INFO - Запуск планировщика уведомлений...
2025-07-08 16:30:17,458 - __main__ - INFO - Запуск Flask приложения на порту 5000
2025-07-08 16:30:17,458 - telegram_bot - INFO - Запуск Telegram-бота в режиме polling...
2025-07-08 16:30:17,459 - scheduler - INFO - Планировщик уведомлений запущен
2025-07-08 16:30:17,462 - urllib3.connectionpool - DEBUG - Starting new HTTPS connection (1): api.telegram.org:443
2025-07-08 16:30:17,680 - urllib3.connectionpool - DEBUG - https://api.telegram.org:443 "GET /bot8171189556:AAEjr_pMy95ae_UvQl-hFz1ziWfbtsz38ec/getMe HTTP/1.1" 200 373
2025-07-08 16:30:17,682 - urllib3.connectionpool - DEBUG - Starting new HTTPS connection (1): api.telegram.org:443
2025-07-08 16:30:18,774 - werkzeug - INFO - [31m[1mWARNING: This is a development server. Do not use it in a production deployment. Use a production WSGI server instead.[0m
 * Running on all addresses (0.0.0.0)
 * Running on http://127.0.0.1:5000
 * Running on http://10.8.1.4:5000
2025-07-08 16:30:18,774 - werkzeug - INFO - [33mPress CTRL+C to quit[0m
2025-07-08 16:30:37,831 - urllib3.connectionpool - DEBUG - https://api.telegram.org:443 "GET /bot8171189556:AAEjr_pMy95ae_UvQl-hFz1ziWfbtsz38ec/getUpdates?offset=1&timeout=20 HTTP/1.1" 200 23
2025-07-08 16:30:57,880 - urllib3.connectionpool - DEBUG - https://api.telegram.org:443 "GET /bot8171189556:AAEjr_pMy95ae_UvQl-hFz1ziWfbtsz38ec/getUpdates?offset=1&timeout=20 HTTP/1.1" 200 23
2025-07-08 16:31:03,260 - urllib3.connectionpool - DEBUG - https://api.telegram.org:443 "GET /bot8171189556:AAEjr_pMy95ae_UvQl-hFz1ziWfbtsz38ec/getUpdates?offset=1&timeout=20 HTTP/1.1" 200 1988
2025-07-08 16:31:03,280 - urllib3.connectionpool - DEBUG - Starting new HTTPS connection (1): api.telegram.org:443
2025-07-08 16:31:03,582 - urllib3.connectionpool - DEBUG - https://api.telegram.org:443 "POST /bot8171189556:AAEjr_pMy95ae_UvQl-hFz1ziWfbtsz38ec/answerCallbackQuery?callback_query_id=6830752396918374269&text=%F0%9F%94%A7+%D0%A4%D1%83%D0%BD%D0%BA%D1%86%D0%B8%D1%8F+%D0%B2+%D1%80%D0%B0%D0%B7%D1%80%D0%B0%D0%B1%D0%BE%D1%82%D0%BA%D0%B5 HTTP/1.1" 200 25
2025-07-08 16:31:03,670 - urllib3.connectionpool - DEBUG - https://api.telegram.org:443 "GET /bot8171189556:AAEjr_pMy95ae_UvQl-hFz1ziWfbtsz38ec/getUpdates?offset=343807119&timeout=20 HTTP/1.1" 200 1988
2025-07-08 16:31:03,676 - urllib3.connectionpool - DEBUG - Starting new HTTPS connection (1): api.telegram.org:443
2025-07-08 16:31:03,761 - urllib3.connectionpool - DEBUG - https://api.telegram.org:443 "POST /bot8171189556:AAEjr_pMy95ae_UvQl-hFz1ziWfbtsz38ec/answerCallbackQuery?callback_query_id=6830752396918374269 HTTP/1.1" 200 25
2025-07-08 16:31:03,951 - urllib3.connectionpool - DEBUG - https://api.telegram.org:443 "POST /bot8171189556:AAEjr_pMy95ae_UvQl-hFz1ziWfbtsz38ec/answerCallbackQuery?callback_query_id=6830752397359733593&text=%F0%9F%94%A7+%D0%A4%D1%83%D0%BD%D0%BA%D1%86%D0%B8%D1%8F+%D0%B2+%D1%80%D0%B0%D0%B7%D1%80%D0%B0%D0%B1%D0%BE%D1%82%D0%BA%D0%B5 HTTP/1.1" 200 25
2025-07-08 16:31:04,109 - urllib3.connectionpool - DEBUG - https://api.telegram.org:443 "POST /bot8171189556:AAEjr_pMy95ae_UvQl-hFz1ziWfbtsz38ec/answerCallbackQuery?callback_query_id=6830752397359733593 HTTP/1.1" 200 25
2025-07-08 16:31:06,298 - urllib3.connectionpool - DEBUG - https://api.telegram.org:443 "GET /bot8171189556:AAEjr_pMy95ae_UvQl-hFz1ziWfbtsz38ec/getUpdates?offset=343807120&timeout=20 HTTP/1.1" 200 393
2025-07-08 16:31:06,401 - urllib3.connectionpool - DEBUG - https://api.telegram.org:443 "POST /bot8171189556:AAEjr_pMy95ae_UvQl-hFz1ziWfbtsz38ec/sendMessage?chat_id=5885375773&text=%0A%F0%9F%8E%89+%3Cb%3E%D0%94%D0%BE%D0%B1%D1%80%D0%BE+%D0%BF%D0%BE%D0%B6%D0%B0%D0%BB%D0%BE%D0%B2%D0%B0%D1%82%D1%8C+%D0%B2+HR+Bot%21%3C%2Fb%3E%0A%0A%D0%9F%D1%80%D0%B8%D0%B2%D0%B5%D1%82%2C+Max%21+%F0%9F%91%8B%0A%0A%D0%AF+%D0%BF%D0%BE%D0%BC%D0%BE%D0%B3%D1%83+%D0%B2%D0%B0%D0%BC%3A%0A%E2%80%A2+%F0%9F%91%94+%3Cb%3E%D0%A0%D0%B0%D0%B1%D0%BE%D1%82%D0%BE%D0%B4%D0%B0%D1%82%D0%B5%D0%BB%D1%8F%D0%BC%3C%2Fb%3E+-+%D0%BD%D0%B0%D0%B9%D1%82%D0%B8+%D0%BB%D1%83%D1%87%D1%88%D0%B8%D1%85+%D0%BA%D0%B0%D0%BD%D0%B4%D0%B8%D0%B4%D0%B0%D1%82%D0%BE%D0%B2%0A%E2%80%A2+%F0%9F%92%BC+%3Cb%3E%D0%A1%D0%BE%D0%B8%D1%81%D0%BA%D0%B0%D1%82%D0%B5%D0%BB%D1%8F%D0%BC%3C%2Fb%3E+-+%D0%BD%D0%B0%D0%B9%D1%82%D0%B8+%D1%80%D0%B0%D0%B1%D0%BE%D1%82%D1%83+%D0%BC%D0%B5%D1%87%D1%82%D1%8B%0A%0A%3Cb%3E%D0%92%D1%8B%D0%B1%D0%B5%D1%80%D0%B8%D1%82%D0%B5+%D0%B2%D0%B0%D1%88%D1%83+%D1%80%D0%BE%D0%BB%D1%8C%3A%3C%2Fb%3E%0A++++++++++++&reply_markup=%7B%22inline_keyboard%22%3A+%5B%5B%7B%22text%22%3A+%22%5Cud83d%5Cudc54+%5Cu042f+%5Cu0440%5Cu0430%5Cu0431%5Cu043e%5Cu0442%5Cu043e%5Cu0434%5Cu0430%5Cu0442%5Cu0435%5Cu043b%5Cu044c%22%2C+%22callback_data%22%3A+%22role_employer%22%7D%5D%2C+%5B%7B%22text%22%3A+%22%5Cud83d%5Cudcbc+%5Cu042f+%5Cu0438%5Cu0449%5Cu0443+%5Cu0440%5Cu0430%5Cu0431%5Cu043e%5Cu0442%5Cu0443%22%2C+%22callback_data%22%3A+%22role_jobseeker%22%7D%5D%2C+%5B%7B%22text%22%3A+%22%5Cu2139%5Cufe0f+%5Cu041f%5Cu043e%5Cu0434%5Cu0440%5Cu043e%5Cu0431%5Cu043d%5Cu0435%5Cu0435+%5Cu043e+%5Cu0431%5Cu043e%5Cu0442%5Cu0435%22%2C+%22callback_data%22%3A+%22about_bot%22%7D%5D%5D%7D&parse_mode=HTML HTTP/1.1" 200 1762
2025-07-08 16:31:08,167 - urllib3.connectionpool - DEBUG - https://api.telegram.org:443 "GET /bot8171189556:AAEjr_pMy95ae_UvQl-hFz1ziWfbtsz38ec/getUpdates?offset=343807121&timeout=20 HTTP/1.1" 200 2028
2025-07-08 16:31:08,336 - urllib3.connectionpool - DEBUG - https://api.telegram.org:443 "POST /bot8171189556:AAEjr_pMy95ae_UvQl-hFz1ziWfbtsz38ec/editMessageText?text=%F0%9F%8F%A2+%D0%9E%D1%82%D0%BB%D0%B8%D1%87%D0%BD%D0%BE%21+%D0%92%D1%8B+%D0%B7%D0%B0%D1%80%D0%B5%D0%B3%D0%B8%D1%81%D1%82%D1%80%D0%B8%D1%80%D0%BE%D0%B2%D0%B0%D0%BD%D1%8B+%D0%BA%D0%B0%D0%BA+%D1%80%D0%B0%D0%B1%D0%BE%D1%82%D0%BE%D0%B4%D0%B0%D1%82%D0%B5%D0%BB%D1%8C.%0A%0A%D0%A2%D0%B5%D0%BF%D0%B5%D1%80%D1%8C+%D0%B2%D1%8B+%D0%BC%D0%BE%D0%B6%D0%B5%D1%82%D0%B5%3A%0A%E2%80%A2+%D0%A1%D0%BE%D0%B7%D0%B4%D0%B0%D0%B2%D0%B0%D1%82%D1%8C+%D0%B2%D0%B0%D0%BA%D0%B0%D0%BD%D1%81%D0%B8%D0%B8%0A%E2%80%A2+%D0%9F%D1%80%D0%BE%D1%81%D0%BC%D0%B0%D1%82%D1%80%D0%B8%D0%B2%D0%B0%D1%82%D1%8C+%D0%BE%D1%82%D0%BA%D0%BB%D0%B8%D0%BA%D0%B8%0A%E2%80%A2+%D0%A3%D0%BF%D1%80%D0%B0%D0%B2%D0%BB%D1%8F%D1%82%D1%8C+%D1%81%D0%B2%D0%BE%D0%B8%D0%BC%D0%B8+%D0%BE%D0%B1%D1%8A%D1%8F%D0%B2%D0%BB%D0%B5%D0%BD%D0%B8%D1%8F%D0%BC%D0%B8&chat_id=5885375773&message_id=114&reply_markup=%7B%22inline_keyboard%22%3A+%5B%5B%7B%22text%22%3A+%22%5Cud83c%5Cudfe0+%5Cu0413%5Cu043b%5Cu0430%5Cu0432%5Cu043d%5Cu043e%5Cu0435+%5Cu043c%5Cu0435%5Cu043d%5Cu044e%22%2C+%22callback_data%22%3A+%22main_menu%22%7D%5D%5D%7D HTTP/1.1" 200 1329
2025-07-08 16:31:08,488 - urllib3.connectionpool - DEBUG - https://api.telegram.org:443 "POST /bot8171189556:AAEjr_pMy95ae_UvQl-hFz1ziWfbtsz38ec/answerCallbackQuery?callback_query_id=6830752399638371799 HTTP/1.1" 200 25
2025-07-08 16:31:11,204 - urllib3.connectionpool - DEBUG - https://api.telegram.org:443 "GET /bot8171189556:AAEjr_pMy95ae_UvQl-hFz1ziWfbtsz38ec/getUpdates?offset=343807122&timeout=20 HTTP/1.1" 200 1591
2025-07-08 16:31:11,299 - urllib3.connectionpool - DEBUG - https://api.telegram.org:443 "POST /bot8171189556:AAEjr_pMy95ae_UvQl-hFz1ziWfbtsz38ec/editMessageText?text=%F0%9F%8F%A0+%3Cb%3E%D0%93%D0%BB%D0%B0%D0%B2%D0%BD%D0%BE%D0%B5+%D0%BC%D0%B5%D0%BD%D1%8E%3C%2Fb%3E%0A%0A%D0%92%D1%8B+%D0%B2%D0%BE%D1%88%D0%BB%D0%B8+%D0%BA%D0%B0%D0%BA%3A+Max%0A%D0%A0%D0%BE%D0%BB%D1%8C%3A+%D0%A0%D0%B0%D0%B1%D0%BE%D1%82%D0%BE%D0%B4%D0%B0%D1%82%D0%B5%D0%BB%D1%8C&chat_id=5885375773&message_id=114&parse_mode=HTML&reply_markup=%7B%22inline_keyboard%22%3A+%5B%5B%7B%22text%22%3A+%22%5Cu2795+%5Cu041d%5Cu043e%5Cu0432%5Cu0430%5Cu044f+%5Cu0432%5Cu0430%5Cu043a%5Cu0430%5Cu043d%5Cu0441%5Cu0438%5Cu044f%22%2C+%22callback_data%22%3A+%22new_job%22%7D%2C+%7B%22text%22%3A+%22%5Cud83d%5Cudccb+%5Cu041c%5Cu043e%5Cu0438+%5Cu0432%5Cu0430%5Cu043a%5Cu0430%5Cu043d%5Cu0441%5Cu0438%5Cu0438%22%2C+%22callback_data%22%3A+%22my_jobs%22%7D%5D%2C+%5B%7B%22text%22%3A+%22%5Cud83d%5Cudce8+%5Cu041e%5Cu0442%5Cu043a%5Cu043b%5Cu0438%5Cu043a%5Cu0438%22%2C+%22callback_data%22%3A+%22job_applications%22%7D%2C+%7B%22text%22%3A+%22%5Cud83d%5Cudcca+%5Cu0421%5Cu0442%5Cu0430%5Cu0442%5Cu0438%5Cu0441%5Cu0442%5Cu0438%5Cu043a%5Cu0430%22%2C+%22callback_data%22%3A+%22employer_stats%22%7D%5D%2C+%5B%7B%22text%22%3A+%22%5Cud83d%5Cudc64+%5Cu041f%5Cu0440%5Cu043e%5Cu0444%5Cu0438%5Cu043b%5Cu044c%22%2C+%22callback_data%22%3A+%22profile%22%7D%2C+%7B%22text%22%3A+%22%5Cu2699%5Cufe0f+%5Cu041d%5Cu0430%5Cu0441%5Cu0442%5Cu0440%5Cu043e%5Cu0439%5Cu043a%5Cu0438%22%2C+%22callback_data%22%3A+%22settings%22%7D%5D%2C+%5B%7B%22text%22%3A+%22%5Cud83d%5Cudd04+%5Cu0421%5Cu043c%5Cu0435%5Cu043d%5Cu0438%5Cu0442%5Cu044c+%5Cu0440%5Cu043e%5Cu043b%5Cu044c%22%2C+%22callback_data%22%3A+%22switch_role%22%7D%2C+%7B%22text%22%3A+%22%5Cu2753+%5Cu041f%5Cu043e%5Cu043c%5Cu043e%5Cu0449%5Cu044c%22%2C+%22callback_data%22%3A+%22help%22%7D%5D%5D%7D HTTP/1.1" 200 1614
2025-07-08 16:31:11,384 - urllib3.connectionpool - DEBUG - https://api.telegram.org:443 "POST /bot8171189556:AAEjr_pMy95ae_UvQl-hFz1ziWfbtsz38ec/answerCallbackQuery?callback_query_id=6830752397696669346 HTTP/1.1" 200 25
2025-07-08 16:55:02,158 - __main__ - INFO - Запуск Telegram HR Bot...
2025-07-08 16:55:02,204 - __main__ - INFO - Таблицы базы данных созданы успешно
2025-07-08 16:55:02,205 - telegram_bot - INFO - TelegramHRBot инициализирован
2025-07-08 16:55:02,205 - __main__ - INFO - Telegram бот инициализирован успешно
2025-07-08 16:55:02,205 - scheduler - INFO - NotificationScheduler инициализирован
2025-07-08 16:55:02,205 - __main__ - INFO - Планировщик уведомлений инициализирован успешно
2025-07-08 16:55:02,205 - __main__ - INFO - Запуск Telegram бота...
2025-07-08 16:55:02,205 - telegram_bot - INFO - Запуск Telegram-бота в режиме polling...
2025-07-08 16:55:02,206 - __main__ - INFO - Запуск планировщика уведомлений...
2025-07-08 16:55:02,206 - __main__ - INFO - Запуск Flask приложения на порту 5000
2025-07-08 16:55:02,206 - scheduler - INFO - Планировщик уведомлений запущен
2025-07-08 16:55:02,209 - urllib3.connectionpool - DEBUG - Starting new HTTPS connection (1): api.telegram.org:443
2025-07-08 16:55:02,405 - urllib3.connectionpool - DEBUG - https://api.telegram.org:443 "GET /bot8171189556:AAEjr_pMy95ae_UvQl-hFz1ziWfbtsz38ec/getMe HTTP/1.1" 200 373
2025-07-08 16:55:02,406 - urllib3.connectionpool - DEBUG - Starting new HTTPS connection (1): api.telegram.org:443
2025-07-08 16:55:02,554 - urllib3.connectionpool - DEBUG - https://api.telegram.org:443 "GET /bot8171189556:AAEjr_pMy95ae_UvQl-hFz1ziWfbtsz38ec/getUpdates?offset=1&timeout=20 HTTP/1.1" 200 780
2025-07-08 16:55:02,584 - telegram_bot - INFO - Создан новый пользователь: 653885340
2025-07-08 16:55:02,586 - urllib3.connectionpool - DEBUG - Starting new HTTPS connection (1): api.telegram.org:443
2025-07-08 16:55:02,603 - urllib3.connectionpool - DEBUG - Starting new HTTPS connection (1): api.telegram.org:443
2025-07-08 16:55:02,826 - urllib3.connectionpool - DEBUG - https://api.telegram.org:443 "POST /bot8171189556:AAEjr_pMy95ae_UvQl-hFz1ziWfbtsz38ec/sendMessage?chat_id=653885340&text=%0A%F0%9F%8E%89+%3Cb%3E%D0%94%D0%BE%D0%B1%D1%80%D0%BE+%D0%BF%D0%BE%D0%B6%D0%B0%D0%BB%D0%BE%D0%B2%D0%B0%D1%82%D1%8C+%D0%B2+HR+Bot%21%3C%2Fb%3E%0A%0A%D0%9F%D1%80%D0%B8%D0%B2%D0%B5%D1%82%2C+%D0%A0%D1%83%D1%81%21+%F0%9F%91%8B%0A%0A%D0%AF+%D0%BF%D0%BE%D0%BC%D0%BE%D0%B3%D1%83+%D0%B2%D0%B0%D0%BC%3A%0A%E2%80%A2+%F0%9F%91%94+%3Cb%3E%D0%A0%D0%B0%D0%B1%D0%BE%D1%82%D0%BE%D0%B4%D0%B0%D1%82%D0%B5%D0%BB%D1%8F%D0%BC%3C%2Fb%3E+-+%D0%BD%D0%B0%D0%B9%D1%82%D0%B8+%D0%BB%D1%83%D1%87%D1%88%D0%B8%D1%85+%D0%BA%D0%B0%D0%BD%D0%B4%D0%B8%D0%B4%D0%B0%D1%82%D0%BE%D0%B2%0A%E2%80%A2+%F0%9F%92%BC+%3Cb%3E%D0%A1%D0%BE%D0%B8%D1%81%D0%BA%D0%B0%D1%82%D0%B5%D0%BB%D1%8F%D0%BC%3C%2Fb%3E+-+%D0%BD%D0%B0%D0%B9%D1%82%D0%B8+%D1%80%D0%B0%D0%B1%D0%BE%D1%82%D1%83+%D0%BC%D0%B5%D1%87%D1%82%D1%8B%0A%0A%3Cb%3E%D0%92%D1%8B%D0%B1%D0%B5%D1%80%D0%B8%D1%82%D0%B5+%D0%B2%D0%B0%D1%88%D1%83+%D1%80%D0%BE%D0%BB%D1%8C%3A%3C%2Fb%3E%0A++++++++++++&reply_markup=%7B%22inline_keyboard%22%3A+%5B%5B%7B%22text%22%3A+%22%5Cud83d%5Cudc54+%5Cu042f+%5Cu0440%5Cu0430%5Cu0431%5Cu043e%5Cu0442%5Cu043e%5Cu0434%5Cu0430%5Cu0442%5Cu0435%5Cu043b%5Cu044c%22%2C+%22callback_data%22%3A+%22role_employer%22%7D%5D%2C+%5B%7B%22text%22%3A+%22%5Cud83d%5Cudcbc+%5Cu042f+%5Cu0438%5Cu0449%5Cu0443+%5Cu0440%5Cu0430%5Cu0431%5Cu043e%5Cu0442%5Cu0443%22%2C+%22callback_data%22%3A+%22role_jobseeker%22%7D%5D%2C+%5B%7B%22text%22%3A+%22%5Cu2139%5Cufe0f+%5Cu041f%5Cu043e%5Cu0434%5Cu0440%5Cu043e%5Cu0431%5Cu043d%5Cu0435%5Cu0435+%5Cu043e+%5Cu0431%5Cu043e%5Cu0442%5Cu0435%22%2C+%22callback_data%22%3A+%22about_bot%22%7D%5D%5D%7D&parse_mode=HTML HTTP/1.1" 200 1772
2025-07-08 16:55:02,845 - urllib3.connectionpool - DEBUG - https://api.telegram.org:443 "POST /bot8171189556:AAEjr_pMy95ae_UvQl-hFz1ziWfbtsz38ec/sendMessage?chat_id=653885340&text=%0A%F0%9F%8E%89+%3Cb%3E%D0%94%D0%BE%D0%B1%D1%80%D0%BE+%D0%BF%D0%BE%D0%B6%D0%B0%D0%BB%D0%BE%D0%B2%D0%B0%D1%82%D1%8C+%D0%B2+HR+Bot%21%3C%2Fb%3E%0A%0A%D0%9F%D1%80%D0%B8%D0%B2%D0%B5%D1%82%2C+%D0%A0%D1%83%D1%81%21+%F0%9F%91%8B%0A%0A%D0%AF+%D0%BF%D0%BE%D0%BC%D0%BE%D0%B3%D1%83+%D0%B2%D0%B0%D0%BC%3A%0A%E2%80%A2+%F0%9F%91%94+%3Cb%3E%D0%A0%D0%B0%D0%B1%D0%BE%D1%82%D0%BE%D0%B4%D0%B0%D1%82%D0%B5%D0%BB%D1%8F%D0%BC%3C%2Fb%3E+-+%D0%BD%D0%B0%D0%B9%D1%82%D0%B8+%D0%BB%D1%83%D1%87%D1%88%D0%B8%D1%85+%D0%BA%D0%B0%D0%BD%D0%B4%D0%B8%D0%B4%D0%B0%D1%82%D0%BE%D0%B2%0A%E2%80%A2+%F0%9F%92%BC+%3Cb%3E%D0%A1%D0%BE%D0%B8%D1%81%D0%BA%D0%B0%D1%82%D0%B5%D0%BB%D1%8F%D0%BC%3C%2Fb%3E+-+%D0%BD%D0%B0%D0%B9%D1%82%D0%B8+%D1%80%D0%B0%D0%B1%D0%BE%D1%82%D1%83+%D0%BC%D0%B5%D1%87%D1%82%D1%8B%0A%0A%3Cb%3E%D0%92%D1%8B%D0%B1%D0%B5%D1%80%D0%B8%D1%82%D0%B5+%D0%B2%D0%B0%D1%88%D1%83+%D1%80%D0%BE%D0%BB%D1%8C%3A%3C%2Fb%3E%0A++++++++++++&reply_markup=%7B%22inline_keyboard%22%3A+%5B%5B%7B%22text%22%3A+%22%5Cud83d%5Cudc54+%5Cu042f+%5Cu0440%5Cu0430%5Cu0431%5Cu043e%5Cu0442%5Cu043e%5Cu0434%5Cu0430%5Cu0442%5Cu0435%5Cu043b%5Cu044c%22%2C+%22callback_data%22%3A+%22role_employer%22%7D%5D%2C+%5B%7B%22text%22%3A+%22%5Cud83d%5Cudcbc+%5Cu042f+%5Cu0438%5Cu0449%5Cu0443+%5Cu0440%5Cu0430%5Cu0431%5Cu043e%5Cu0442%5Cu0443%22%2C+%22callback_data%22%3A+%22role_jobseeker%22%7D%5D%2C+%5B%7B%22text%22%3A+%22%5Cu2139%5Cufe0f+%5Cu041f%5Cu043e%5Cu0434%5Cu0440%5Cu043e%5Cu0431%5Cu043d%5Cu0435%5Cu0435+%5Cu043e+%5Cu0431%5Cu043e%5Cu0442%5Cu0435%22%2C+%22callback_data%22%3A+%22about_bot%22%7D%5D%5D%7D&parse_mode=HTML HTTP/1.1" 200 1772
2025-07-08 16:55:03,537 - werkzeug - INFO - [31m[1mWARNING: This is a development server. Do not use it in a production deployment. Use a production WSGI server instead.[0m
 * Running on all addresses (0.0.0.0)
 * Running on http://127.0.0.1:5000
 * Running on http://10.8.1.4:5000
2025-07-08 16:55:03,537 - werkzeug - INFO - [33mPress CTRL+C to quit[0m
2025-07-08 16:55:22,647 - urllib3.connectionpool - DEBUG - https://api.telegram.org:443 "GET /bot8171189556:AAEjr_pMy95ae_UvQl-hFz1ziWfbtsz38ec/getUpdates?offset=343807125&timeout=20 HTTP/1.1" 200 23
2025-07-08 16:55:42,716 - urllib3.connectionpool - DEBUG - https://api.telegram.org:443 "GET /bot8171189556:AAEjr_pMy95ae_UvQl-hFz1ziWfbtsz38ec/getUpdates?offset=343807125&timeout=20 HTTP/1.1" 200 23
2025-07-08 16:56:02,765 - urllib3.connectionpool - DEBUG - https://api.telegram.org:443 "GET /bot8171189556:AAEjr_pMy95ae_UvQl-hFz1ziWfbtsz38ec/getUpdates?offset=343807125&timeout=20 HTTP/1.1" 200 23
2025-07-08 16:56:07,100 - urllib3.connectionpool - DEBUG - https://api.telegram.org:443 "GET /bot8171189556:AAEjr_pMy95ae_UvQl-hFz1ziWfbtsz38ec/getUpdates?offset=343807125&timeout=20 HTTP/1.1" 200 2052
2025-07-08 16:56:07,230 - urllib3.connectionpool - DEBUG - https://api.telegram.org:443 "POST /bot8171189556:AAEjr_pMy95ae_UvQl-hFz1ziWfbtsz38ec/editMessageText?text=%F0%9F%8F%A2+%D0%9E%D1%82%D0%BB%D0%B8%D1%87%D0%BD%D0%BE%21+%D0%92%D1%8B+%D0%B7%D0%B0%D1%80%D0%B5%D0%B3%D0%B8%D1%81%D1%82%D1%80%D0%B8%D1%80%D0%BE%D0%B2%D0%B0%D0%BD%D1%8B+%D0%BA%D0%B0%D0%BA+%D1%80%D0%B0%D0%B1%D0%BE%D1%82%D0%BE%D0%B4%D0%B0%D1%82%D0%B5%D0%BB%D1%8C.%0A%0A%D0%A2%D0%B5%D0%BF%D0%B5%D1%80%D1%8C+%D0%B2%D1%8B+%D0%BC%D0%BE%D0%B6%D0%B5%D1%82%D0%B5%3A%0A%E2%80%A2+%D0%A1%D0%BE%D0%B7%D0%B4%D0%B0%D0%B2%D0%B0%D1%82%D1%8C+%D0%B2%D0%B0%D0%BA%D0%B0%D0%BD%D1%81%D0%B8%D0%B8%0A%E2%80%A2+%D0%9F%D1%80%D0%BE%D1%81%D0%BC%D0%B0%D1%82%D1%80%D0%B8%D0%B2%D0%B0%D1%82%D1%8C+%D0%BE%D1%82%D0%BA%D0%BB%D0%B8%D0%BA%D0%B8%0A%E2%80%A2+%D0%A3%D0%BF%D1%80%D0%B0%D0%B2%D0%BB%D1%8F%D1%82%D1%8C+%D1%81%D0%B2%D0%BE%D0%B8%D0%BC%D0%B8+%D0%BE%D0%B1%D1%8A%D1%8F%D0%B2%D0%BB%D0%B5%D0%BD%D0%B8%D1%8F%D0%BC%D0%B8&chat_id=653885340&message_id=118&reply_markup=%7B%22inline_keyboard%22%3A+%5B%5B%7B%22text%22%3A+%22%5Cud83c%5Cudfe0+%5Cu0413%5Cu043b%5Cu0430%5Cu0432%5Cu043d%5Cu043e%5Cu0435+%5Cu043c%5Cu0435%5Cu043d%5Cu044e%22%2C+%22callback_data%22%3A+%22main_menu%22%7D%5D%5D%7D HTTP/1.1" 200 1324
2025-07-08 16:56:07,318 - urllib3.connectionpool - DEBUG - https://api.telegram.org:443 "POST /bot8171189556:AAEjr_pMy95ae_UvQl-hFz1ziWfbtsz38ec/answerCallbackQuery?callback_query_id=2808416153933573869 HTTP/1.1" 200 25
2025-07-08 16:56:16,062 - urllib3.connectionpool - DEBUG - https://api.telegram.org:443 "GET /bot8171189556:AAEjr_pMy95ae_UvQl-hFz1ziWfbtsz38ec/getUpdates?offset=343807126&timeout=20 HTTP/1.1" 200 1600
2025-07-08 16:56:16,164 - urllib3.connectionpool - DEBUG - https://api.telegram.org:443 "POST /bot8171189556:AAEjr_pMy95ae_UvQl-hFz1ziWfbtsz38ec/editMessageText?text=%F0%9F%8F%A0+%3Cb%3E%D0%93%D0%BB%D0%B0%D0%B2%D0%BD%D0%BE%D0%B5+%D0%BC%D0%B5%D0%BD%D1%8E%3C%2Fb%3E%0A%0A%D0%92%D1%8B+%D0%B2%D0%BE%D1%88%D0%BB%D0%B8+%D0%BA%D0%B0%D0%BA%3A+%D0%A0%D1%83%D1%81%0A%D0%A0%D0%BE%D0%BB%D1%8C%3A+%D0%A0%D0%B0%D0%B1%D0%BE%D1%82%D0%BE%D0%B4%D0%B0%D1%82%D0%B5%D0%BB%D1%8C&chat_id=653885340&message_id=118&parse_mode=HTML&reply_markup=%7B%22inline_keyboard%22%3A+%5B%5B%7B%22text%22%3A+%22%5Cu2795+%5Cu041d%5Cu043e%5Cu0432%5Cu0430%5Cu044f+%5Cu0432%5Cu0430%5Cu043a%5Cu0430%5Cu043d%5Cu0441%5Cu0438%5Cu044f%22%2C+%22callback_data%22%3A+%22new_job%22%7D%2C+%7B%22text%22%3A+%22%5Cud83d%5Cudccb+%5Cu041c%5Cu043e%5Cu0438+%5Cu0432%5Cu0430%5Cu043a%5Cu0430%5Cu043d%5Cu0441%5Cu0438%5Cu0438%22%2C+%22callback_data%22%3A+%22my_jobs%22%7D%5D%2C+%5B%7B%22text%22%3A+%22%5Cud83d%5Cudce8+%5Cu041e%5Cu0442%5Cu043a%5Cu043b%5Cu0438%5Cu043a%5Cu0438%22%2C+%22callback_data%22%3A+%22job_applications%22%7D%2C+%7B%22text%22%3A+%22%5Cud83d%5Cudcca+%5Cu0421%5Cu0442%5Cu0430%5Cu0442%5Cu0438%5Cu0441%5Cu0442%5Cu0438%5Cu043a%5Cu0430%22%2C+%22callback_data%22%3A+%22employer_stats%22%7D%5D%2C+%5B%7B%22text%22%3A+%22%5Cud83d%5Cudc64+%5Cu041f%5Cu0440%5Cu043e%5Cu0444%5Cu0438%5Cu043b%5Cu044c%22%2C+%22callback_data%22%3A+%22profile%22%7D%2C+%7B%22text%22%3A+%22%5Cu2699%5Cufe0f+%5Cu041d%5Cu0430%5Cu0441%5Cu0442%5Cu0440%5Cu043e%5Cu0439%5Cu043a%5Cu0438%22%2C+%22callback_data%22%3A+%22settings%22%7D%5D%2C+%5B%7B%22text%22%3A+%22%5Cud83d%5Cudd04+%5Cu0421%5Cu043c%5Cu0435%5Cu043d%5Cu0438%5Cu0442%5Cu044c+%5Cu0440%5Cu043e%5Cu043b%5Cu044c%22%2C+%22callback_data%22%3A+%22switch_role%22%7D%2C+%7B%22text%22%3A+%22%5Cu2753+%5Cu041f%5Cu043e%5Cu043c%5Cu043e%5Cu0449%5Cu044c%22%2C+%22callback_data%22%3A+%22help%22%7D%5D%5D%7D HTTP/1.1" 200 1624
2025-07-08 16:56:16,220 - urllib3.connectionpool - DEBUG - https://api.telegram.org:443 "POST /bot8171189556:AAEjr_pMy95ae_UvQl-hFz1ziWfbtsz38ec/answerCallbackQuery?callback_query_id=2808416152616515398 HTTP/1.1" 200 25
2025-07-08 16:56:26,166 - urllib3.connectionpool - DEBUG - https://api.telegram.org:443 "GET /bot8171189556:AAEjr_pMy95ae_UvQl-hFz1ziWfbtsz38ec/getUpdates?offset=343807127&timeout=20 HTTP/1.1" 200 1899
2025-07-08 16:56:26,274 - urllib3.connectionpool - DEBUG - https://api.telegram.org:443 "POST /bot8171189556:AAEjr_pMy95ae_UvQl-hFz1ziWfbtsz38ec/answerCallbackQuery?callback_query_id=2808416154590986609&text=%F0%9F%94%A7+%D0%A4%D1%83%D0%BD%D0%BA%D1%86%D0%B8%D1%8F+%D0%B2+%D1%80%D0%B0%D0%B7%D1%80%D0%B0%D0%B1%D0%BE%D1%82%D0%BA%D0%B5 HTTP/1.1" 200 25
2025-07-08 16:56:26,375 - urllib3.connectionpool - DEBUG - https://api.telegram.org:443 "POST /bot8171189556:AAEjr_pMy95ae_UvQl-hFz1ziWfbtsz38ec/answerCallbackQuery?callback_query_id=2808416154590986609 HTTP/1.1" 200 25
2025-07-08 16:56:46,219 - urllib3.connectionpool - DEBUG - https://api.telegram.org:443 "GET /bot8171189556:AAEjr_pMy95ae_UvQl-hFz1ziWfbtsz38ec/getUpdates?offset=343807128&timeout=20 HTTP/1.1" 200 23
2025-07-08 16:57:06,272 - urllib3.connectionpool - DEBUG - https://api.telegram.org:443 "GET /bot8171189556:AAEjr_pMy95ae_UvQl-hFz1ziWfbtsz38ec/getUpdates?offset=343807128&timeout=20 HTTP/1.1" 200 23
2025-07-08 16:57:26,324 - urllib3.connectionpool - DEBUG - https://api.telegram.org:443 "GET /bot8171189556:AAEjr_pMy95ae_UvQl-hFz1ziWfbtsz38ec/getUpdates?offset=343807128&timeout=20 HTTP/1.1" 200 23
2025-07-08 16:57:36,900 - urllib3.connectionpool - DEBUG - https://api.telegram.org:443 "GET /bot8171189556:AAEjr_pMy95ae_UvQl-hFz1ziWfbtsz38ec/getUpdates?offset=343807128&timeout=20 HTTP/1.1" 200 1898
2025-07-08 16:57:37,029 - urllib3.connectionpool - DEBUG - https://api.telegram.org:443 "POST /bot8171189556:AAEjr_pMy95ae_UvQl-hFz1ziWfbtsz38ec/sendMessage?chat_id=653885340&text=%F0%9F%93%9D+%3Cb%3E%D0%A1%D0%BE%D0%B7%D0%B4%D0%B0%D0%BD%D0%B8%D0%B5+%D0%BD%D0%BE%D0%B2%D0%BE%D0%B9+%D0%B2%D0%B0%D0%BA%D0%B0%D0%BD%D1%81%D0%B8%D0%B8%3C%2Fb%3E%0A%0A%D0%A8%D0%B0%D0%B3+1%2F5%3A+%D0%92%D0%B2%D0%B5%D0%B4%D0%B8%D1%82%D0%B5+%D0%BD%D0%B0%D0%B7%D0%B2%D0%B0%D0%BD%D0%B8%D0%B5+%D0%B2%D0%B0%D0%BA%D0%B0%D0%BD%D1%81%D0%B8%D0%B8%0A%D0%9D%D0%B0%D0%BF%D1%80%D0%B8%D0%BC%D0%B5%D1%80%3A+%3Ci%3EPython+%D1%80%D0%B0%D0%B7%D1%80%D0%B0%D0%B1%D0%BE%D1%82%D1%87%D0%B8%D0%BA%3C%2Fi%3E%2C+%3Ci%3E%D0%9C%D0%B5%D0%BD%D0%B5%D0%B4%D0%B6%D0%B5%D1%80+%D0%BF%D0%BE+%D0%BF%D1%80%D0%BE%D0%B4%D0%B0%D0%B6%D0%B0%D0%BC%3C%2Fi%3E&reply_markup=%7B%22inline_keyboard%22%3A+%5B%5B%7B%22text%22%3A+%22%5Cu274c+%5Cu041e%5Cu0442%5Cu043c%5Cu0435%5Cu043d%5Cu0430%22%2C+%22callback_data%22%3A+%22cancel_job_creation%22%7D%5D%5D%7D&parse_mode=HTML HTTP/1.1" 200 1191
2025-07-08 16:57:37,123 - urllib3.connectionpool - DEBUG - https://api.telegram.org:443 "POST /bot8171189556:AAEjr_pMy95ae_UvQl-hFz1ziWfbtsz38ec/answerCallbackQuery?callback_query_id=2808416154270049887 HTTP/1.1" 200 25
2025-07-08 16:57:47,684 - urllib3.connectionpool - DEBUG - https://api.telegram.org:443 "GET /bot8171189556:AAEjr_pMy95ae_UvQl-hFz1ziWfbtsz38ec/getUpdates?offset=343807129&timeout=20 HTTP/1.1" 200 1907
2025-07-08 16:57:47,774 - urllib3.connectionpool - DEBUG - https://api.telegram.org:443 "POST /bot8171189556:AAEjr_pMy95ae_UvQl-hFz1ziWfbtsz38ec/sendMessage?chat_id=653885340&text=%F0%9F%93%A8+%3Cb%3E%D0%9E%D1%82%D0%BA%D0%BB%D0%B8%D0%BA%D0%B8+%D0%BD%D0%B0+%D0%B2%D0%B0%D0%BA%D0%B0%D0%BD%D1%81%D0%B8%D0%B8%3C%2Fb%3E%0A%0A%F0%9F%98%94+%D0%A3+%D0%B2%D0%B0%D1%81+%D0%BD%D0%B5%D1%82+%D0%B0%D0%BA%D1%82%D0%B8%D0%B2%D0%BD%D1%8B%D1%85+%D0%B2%D0%B0%D0%BA%D0%B0%D0%BD%D1%81%D0%B8%D0%B9.&reply_markup=%7B%22inline_keyboard%22%3A+%5B%5B%7B%22text%22%3A+%22%5Cud83c%5Cudfe0+%5Cu0413%5Cu043b%5Cu0430%5Cu0432%5Cu043d%5Cu043e%5Cu0435+%5Cu043c%5Cu0435%5Cu043d%5Cu044e%22%2C+%22callback_data%22%3A+%22main_menu%22%7D%5D%5D%7D&parse_mode=HTML HTTP/1.1" 200 865
2025-07-08 16:57:47,835 - urllib3.connectionpool - DEBUG - https://api.telegram.org:443 "POST /bot8171189556:AAEjr_pMy95ae_UvQl-hFz1ziWfbtsz38ec/answerCallbackQuery?callback_query_id=2808416154448742094 HTTP/1.1" 200 25
2025-07-08 16:57:51,392 - urllib3.connectionpool - DEBUG - https://api.telegram.org:443 "GET /bot8171189556:AAEjr_pMy95ae_UvQl-hFz1ziWfbtsz38ec/getUpdates?offset=343807130&timeout=20 HTTP/1.1" 200 1898
2025-07-08 16:57:51,452 - urllib3.connectionpool - DEBUG - https://api.telegram.org:443 "POST /bot8171189556:AAEjr_pMy95ae_UvQl-hFz1ziWfbtsz38ec/answerCallbackQuery?callback_query_id=2808416150938996556&text=%F0%9F%94%A7+%D0%A4%D1%83%D0%BD%D0%BA%D1%86%D0%B8%D1%8F+%D0%B2+%D1%80%D0%B0%D0%B7%D1%80%D0%B0%D0%B1%D0%BE%D1%82%D0%BA%D0%B5 HTTP/1.1" 200 25
2025-07-08 16:57:51,518 - urllib3.connectionpool - DEBUG - https://api.telegram.org:443 "POST /bot8171189556:AAEjr_pMy95ae_UvQl-hFz1ziWfbtsz38ec/answerCallbackQuery?callback_query_id=2808416150938996556 HTTP/1.1" 200 25
2025-07-08 16:57:57,680 - urllib3.connectionpool - DEBUG - https://api.telegram.org:443 "GET /bot8171189556:AAEjr_pMy95ae_UvQl-hFz1ziWfbtsz38ec/getUpdates?offset=343807131&timeout=20 HTTP/1.1" 200 1899
2025-07-08 16:57:57,796 - urllib3.connectionpool - DEBUG - https://api.telegram.org:443 "POST /bot8171189556:AAEjr_pMy95ae_UvQl-hFz1ziWfbtsz38ec/answerCallbackQuery?callback_query_id=2808416152468233503&text=%F0%9F%94%A7+%D0%A4%D1%83%D0%BD%D0%BA%D1%86%D0%B8%D1%8F+%D0%B2+%D1%80%D0%B0%D0%B7%D1%80%D0%B0%D0%B1%D0%BE%D1%82%D0%BA%D0%B5 HTTP/1.1" 200 25
2025-07-08 16:57:57,957 - urllib3.connectionpool - DEBUG - https://api.telegram.org:443 "POST /bot8171189556:AAEjr_pMy95ae_UvQl-hFz1ziWfbtsz38ec/answerCallbackQuery?callback_query_id=2808416152468233503 HTTP/1.1" 200 25
2025-07-08 16:58:00,689 - urllib3.connectionpool - DEBUG - https://api.telegram.org:443 "GET /bot8171189556:AAEjr_pMy95ae_UvQl-hFz1ziWfbtsz38ec/getUpdates?offset=343807132&timeout=20 HTTP/1.1" 200 1905
2025-07-08 16:58:00,818 - urllib3.connectionpool - DEBUG - https://api.telegram.org:443 "POST /bot8171189556:AAEjr_pMy95ae_UvQl-hFz1ziWfbtsz38ec/sendMessage?chat_id=653885340&text=%F0%9F%93%8A+%3Cb%3E%D0%A1%D1%82%D0%B0%D1%82%D0%B8%D1%81%D1%82%D0%B8%D0%BA%D0%B0+%D1%80%D0%B0%D0%B1%D0%BE%D1%82%D0%BE%D0%B4%D0%B0%D1%82%D0%B5%D0%BB%D1%8F%3C%2Fb%3E%0A%0A%F0%9F%93%8B+%3Cb%3E%D0%90%D0%BA%D1%82%D0%B8%D0%B2%D0%BD%D1%8B%D1%85+%D0%B2%D0%B0%D0%BA%D0%B0%D0%BD%D1%81%D0%B8%D0%B9%3A%3C%2Fb%3E+0%0A%F0%9F%93%A8+%3Cb%3E%D0%92%D1%81%D0%B5%D0%B3%D0%BE+%D0%BE%D1%82%D0%BA%D0%BB%D0%B8%D0%BA%D0%BE%D0%B2%3A%3C%2Fb%3E+0%0A%E2%8F%B3+%3Cb%3E%D0%9E%D0%B6%D0%B8%D0%B4%D0%B0%D1%8E%D1%82+%D1%80%D0%B0%D1%81%D1%81%D0%BC%D0%BE%D1%82%D1%80%D0%B5%D0%BD%D0%B8%D1%8F%3A%3C%2Fb%3E+0%0A%E2%9C%85+%3Cb%3E%D0%9F%D1%80%D0%B8%D0%BD%D1%8F%D1%82%D0%BE%3A%3C%2Fb%3E+0%0A%0A&reply_markup=%7B%22inline_keyboard%22%3A+%5B%5B%7B%22text%22%3A+%22%5Cud83d%5Cudccb+%5Cu041c%5Cu043e%5Cu0438+%5Cu0432%5Cu0430%5Cu043a%5Cu0430%5Cu043d%5Cu0441%5Cu0438%5Cu0438%22%2C+%22callback_data%22%3A+%22my_jobs%22%7D%2C+%7B%22text%22%3A+%22%5Cud83d%5Cudce8+%5Cu041e%5Cu0442%5Cu043a%5Cu043b%5Cu0438%5Cu043a%5Cu0438%22%2C+%22callback_data%22%3A+%22job_applications%22%7D%5D%2C+%5B%7B%22text%22%3A+%22%5Cud83c%5Cudfe0+%5Cu0413%5Cu043b%5Cu0430%5Cu0432%5Cu043d%5Cu043e%5Cu0435+%5Cu043c%5Cu0435%5Cu043d%5Cu044e%22%2C+%22callback_data%22%3A+%22main_menu%22%7D%5D%5D%7D&parse_mode=HTML HTTP/1.1" 200 1511
2025-07-08 16:58:00,901 - urllib3.connectionpool - DEBUG - https://api.telegram.org:443 "POST /bot8171189556:AAEjr_pMy95ae_UvQl-hFz1ziWfbtsz38ec/answerCallbackQuery?callback_query_id=2808416154600520445 HTTP/1.1" 200 25
2025-07-08 16:58:13,784 - urllib3.connectionpool - DEBUG - https://api.telegram.org:443 "GET /bot8171189556:AAEjr_pMy95ae_UvQl-hFz1ziWfbtsz38ec/getUpdates?offset=343807133&timeout=20 HTTP/1.1" 200 401
2025-07-08 16:58:13,861 - urllib3.connectionpool - DEBUG - https://api.telegram.org:443 "POST /bot8171189556:AAEjr_pMy95ae_UvQl-hFz1ziWfbtsz38ec/sendMessage?chat_id=653885340&text=%0A%F0%9F%8E%89+%3Cb%3E%D0%94%D0%BE%D0%B1%D1%80%D0%BE+%D0%BF%D0%BE%D0%B6%D0%B0%D0%BB%D0%BE%D0%B2%D0%B0%D1%82%D1%8C+%D0%B2+HR+Bot%21%3C%2Fb%3E%0A%0A%D0%9F%D1%80%D0%B8%D0%B2%D0%B5%D1%82%2C+%D0%A0%D1%83%D1%81%21+%F0%9F%91%8B%0A%0A%D0%AF+%D0%BF%D0%BE%D0%BC%D0%BE%D0%B3%D1%83+%D0%B2%D0%B0%D0%BC%3A%0A%E2%80%A2+%F0%9F%91%94+%3Cb%3E%D0%A0%D0%B0%D0%B1%D0%BE%D1%82%D0%BE%D0%B4%D0%B0%D1%82%D0%B5%D0%BB%D1%8F%D0%BC%3C%2Fb%3E+-+%D0%BD%D0%B0%D0%B9%D1%82%D0%B8+%D0%BB%D1%83%D1%87%D1%88%D0%B8%D1%85+%D0%BA%D0%B0%D0%BD%D0%B4%D0%B8%D0%B4%D0%B0%D1%82%D0%BE%D0%B2%0A%E2%80%A2+%F0%9F%92%BC+%3Cb%3E%D0%A1%D0%BE%D0%B8%D1%81%D0%BA%D0%B0%D1%82%D0%B5%D0%BB%D1%8F%D0%BC%3C%2Fb%3E+-+%D0%BD%D0%B0%D0%B9%D1%82%D0%B8+%D1%80%D0%B0%D0%B1%D0%BE%D1%82%D1%83+%D0%BC%D0%B5%D1%87%D1%82%D1%8B%0A%0A%3Cb%3E%D0%92%D1%8B%D0%B1%D0%B5%D1%80%D0%B8%D1%82%D0%B5+%D0%B2%D0%B0%D1%88%D1%83+%D1%80%D0%BE%D0%BB%D1%8C%3A%3C%2Fb%3E%0A++++++++++++&reply_markup=%7B%22inline_keyboard%22%3A+%5B%5B%7B%22text%22%3A+%22%5Cud83d%5Cudc54+%5Cu042f+%5Cu0440%5Cu0430%5Cu0431%5Cu043e%5Cu0442%5Cu043e%5Cu0434%5Cu0430%5Cu0442%5Cu0435%5Cu043b%5Cu044c%22%2C+%22callback_data%22%3A+%22role_employer%22%7D%5D%2C+%5B%7B%22text%22%3A+%22%5Cud83d%5Cudcbc+%5Cu042f+%5Cu0438%5Cu0449%5Cu0443+%5Cu0440%5Cu0430%5Cu0431%5Cu043e%5Cu0442%5Cu0443%22%2C+%22callback_data%22%3A+%22role_jobseeker%22%7D%5D%2C+%5B%7B%22text%22%3A+%22%5Cu2139%5Cufe0f+%5Cu041f%5Cu043e%5Cu0434%5Cu0440%5Cu043e%5Cu0431%5Cu043d%5Cu0435%5Cu0435+%5Cu043e+%5Cu0431%5Cu043e%5Cu0442%5Cu0435%22%2C+%22callback_data%22%3A+%22about_bot%22%7D%5D%5D%7D&parse_mode=HTML HTTP/1.1" 200 1772
2025-07-08 16:58:15,471 - urllib3.connectionpool - DEBUG - https://api.telegram.org:443 "GET /bot8171189556:AAEjr_pMy95ae_UvQl-hFz1ziWfbtsz38ec/getUpdates?offset=343807134&timeout=20 HTTP/1.1" 200 2053
2025-07-08 16:58:15,550 - urllib3.connectionpool - DEBUG - https://api.telegram.org:443 "POST /bot8171189556:AAEjr_pMy95ae_UvQl-hFz1ziWfbtsz38ec/editMessageText?text=%F0%9F%91%A4+%D0%9E%D1%82%D0%BB%D0%B8%D1%87%D0%BD%D0%BE%21+%D0%92%D1%8B+%D0%B7%D0%B0%D1%80%D0%B5%D0%B3%D0%B8%D1%81%D1%82%D1%80%D0%B8%D1%80%D0%BE%D0%B2%D0%B0%D0%BD%D1%8B+%D0%BA%D0%B0%D0%BA+%D1%81%D0%BE%D0%B8%D1%81%D0%BA%D0%B0%D1%82%D0%B5%D0%BB%D1%8C.%0A%0A%D0%A2%D0%B5%D0%BF%D0%B5%D1%80%D1%8C+%D0%B2%D1%8B+%D0%BC%D0%BE%D0%B6%D0%B5%D1%82%D0%B5%3A%0A%E2%80%A2+%D0%98%D1%81%D0%BA%D0%B0%D1%82%D1%8C+%D0%B2%D0%B0%D0%BA%D0%B0%D0%BD%D1%81%D0%B8%D0%B8%0A%E2%80%A2+%D0%9E%D1%82%D0%BA%D0%BB%D0%B8%D0%BA%D0%B0%D1%82%D1%8C%D1%81%D1%8F+%D0%BD%D0%B0+%D0%BF%D1%80%D0%B5%D0%B4%D0%BB%D0%BE%D0%B6%D0%B5%D0%BD%D0%B8%D1%8F%0A%E2%80%A2+%D0%9D%D0%B0%D1%81%D1%82%D1%80%D0%BE%D0%B8%D1%82%D1%8C+%D1%83%D0%B2%D0%B5%D0%B4%D0%BE%D0%BC%D0%BB%D0%B5%D0%BD%D0%B8%D1%8F&chat_id=653885340&message_id=123&reply_markup=%7B%22inline_keyboard%22%3A+%5B%5B%7B%22text%22%3A+%22%5Cud83c%5Cudfe0+%5Cu0413%5Cu043b%5Cu0430%5Cu0432%5Cu043d%5Cu043e%5Cu0435+%5Cu043c%5Cu0435%5Cu043d%5Cu044e%22%2C+%22callback_data%22%3A+%22main_menu%22%7D%5D%5D%7D HTTP/1.1" 200 1276
2025-07-08 16:58:15,608 - urllib3.connectionpool - DEBUG - https://api.telegram.org:443 "POST /bot8171189556:AAEjr_pMy95ae_UvQl-hFz1ziWfbtsz38ec/answerCallbackQuery?callback_query_id=2808416154654379545 HTTP/1.1" 200 25
2025-07-08 16:58:19,679 - urllib3.connectionpool - DEBUG - https://api.telegram.org:443 "GET /bot8171189556:AAEjr_pMy95ae_UvQl-hFz1ziWfbtsz38ec/getUpdates?offset=343807135&timeout=20 HTTP/1.1" 200 1552
2025-07-08 16:58:19,771 - urllib3.connectionpool - DEBUG - https://api.telegram.org:443 "POST /bot8171189556:AAEjr_pMy95ae_UvQl-hFz1ziWfbtsz38ec/editMessageText?text=%F0%9F%8F%A0+%3Cb%3E%D0%93%D0%BB%D0%B0%D0%B2%D0%BD%D0%BE%D0%B5+%D0%BC%D0%B5%D0%BD%D1%8E%3C%2Fb%3E%0A%0A%D0%92%D1%8B+%D0%B2%D0%BE%D1%88%D0%BB%D0%B8+%D0%BA%D0%B0%D0%BA%3A+%D0%A0%D1%83%D1%81%0A%D0%A0%D0%BE%D0%BB%D1%8C%3A+%D0%A1%D0%BE%D0%B8%D1%81%D0%BA%D0%B0%D1%82%D0%B5%D0%BB%D1%8C&chat_id=653885340&message_id=123&parse_mode=HTML&reply_markup=%7B%22inline_keyboard%22%3A+%5B%5B%7B%22text%22%3A+%22%5Cud83d%5Cudd0d+%5Cu041f%5Cu043e%5Cu0438%5Cu0441%5Cu043a+%5Cu0440%5Cu0430%5Cu0431%5Cu043e%5Cu0442%5Cu044b%22%2C+%22callback_data%22%3A+%22search_jobs%22%7D%2C+%7B%22text%22%3A+%22%5Cud83d%5Cudccb+%5Cu0412%5Cu0441%5Cu0435+%5Cu0432%5Cu0430%5Cu043a%5Cu0430%5Cu043d%5Cu0441%5Cu0438%5Cu0438%22%2C+%22callback_data%22%3A+%22all_jobs%22%7D%5D%2C+%5B%7B%22text%22%3A+%22%5Cud83d%5Cudce8+%5Cu041c%5Cu043e%5Cu0438+%5Cu043e%5Cu0442%5Cu043a%5Cu043b%5Cu0438%5Cu043a%5Cu0438%22%2C+%22callback_data%22%3A+%22my_applications%22%7D%2C+%7B%22text%22%3A+%22%5Cud83d%5Cudd14+%5Cu041f%5Cu043e%5Cu0434%5Cu043f%5Cu0438%5Cu0441%5Cu043a%5Cu0438%22%2C+%22callback_data%22%3A+%22subscriptions%22%7D%5D%2C+%5B%7B%22text%22%3A+%22%5Cud83d%5Cudc64+%5Cu041f%5Cu0440%5Cu043e%5Cu0444%5Cu0438%5Cu043b%5Cu044c%22%2C+%22callback_data%22%3A+%22profile%22%7D%2C+%7B%22text%22%3A+%22%5Cu2699%5Cufe0f+%5Cu041d%5Cu0430%5Cu0441%5Cu0442%5Cu0440%5Cu043e%5Cu0439%5Cu043a%5Cu0438%22%2C+%22callback_data%22%3A+%22settings%22%7D%5D%2C+%5B%7B%22text%22%3A+%22%5Cud83d%5Cudd04+%5Cu0421%5Cu043c%5Cu0435%5Cu043d%5Cu0438%5Cu0442%5Cu044c+%5Cu0440%5Cu043e%5Cu043b%5Cu044c%22%2C+%22callback_data%22%3A+%22switch_role%22%7D%2C+%7B%22text%22%3A+%22%5Cu2753+%5Cu041f%5Cu043e%5Cu043c%5Cu043e%5Cu0449%5Cu044c%22%2C+%22callback_data%22%3A+%22help%22%7D%5D%5D%7D HTTP/1.1" 200 1616
2025-07-08 16:58:19,831 - urllib3.connectionpool - DEBUG - https://api.telegram.org:443 "POST /bot8171189556:AAEjr_pMy95ae_UvQl-hFz1ziWfbtsz38ec/answerCallbackQuery?callback_query_id=2808416151397753325 HTTP/1.1" 200 25
2025-07-08 16:58:22,131 - urllib3.connectionpool - DEBUG - https://api.telegram.org:443 "GET /bot8171189556:AAEjr_pMy95ae_UvQl-hFz1ziWfbtsz38ec/getUpdates?offset=343807136&timeout=20 HTTP/1.1" 200 1891
2025-07-08 16:58:22,336 - urllib3.connectionpool - DEBUG - https://api.telegram.org:443 "POST /bot8171189556:AAEjr_pMy95ae_UvQl-hFz1ziWfbtsz38ec/sendMessage?chat_id=653885340&text=%F0%9F%93%8B+%3Cb%3E%D0%92%D1%81%D0%B5+%D0%B2%D0%B0%D0%BA%D0%B0%D0%BD%D1%81%D0%B8%D0%B8%3C%2Fb%3E+%28%D1%81%D1%82%D1%80%D0%B0%D0%BD%D0%B8%D1%86%D0%B0+1%2F1%29%0A%0A%F0%9F%92%BC+%3Cb%3EPython+%D1%80%D0%B0%D0%B7%D1%80%D0%B0%D0%B1%D0%BE%D1%82%D1%87%D0%B8%D0%BA%3C%2Fb%3E%0A%F0%9F%8F%A2+%D0%A2%D0%B5%D1%81%D1%82%D0%9A%D0%BE%D0%BC%D0%BF%D0%B0%D0%BD%D0%B8%D1%8F%0A%F0%9F%93%8D+%D0%9C%D0%BE%D1%81%D0%BA%D0%B2%D0%B0%0A%F0%9F%92%B0+100%2C000+-+150%2C000+%D1%80%D1%83%D0%B1.%0A%0A%F0%9F%92%BC+%3Cb%3E%D0%A1%D0%B2%D0%B0%D1%80%D1%89%D0%B8%D0%BA%3C%2Fb%3E%0A%F0%9F%8F%A2+%D0%90%D0%B3%D0%B5%D0%BD%D1%82+%D0%A1%D0%BD%D0%B0%D0%B1%D0%B6%D0%B5%D0%BD%D0%B8%D1%8F%0A%F0%9F%93%8D+%D0%A1%D0%B5%D1%80%D0%BF%D1%83%D1%85%D0%BE%D0%B2%0A%F0%9F%92%B0+100%2C000+-+120%2C000+%D1%80%D1%83%D0%B1.%0A%0A%F0%9F%92%BC+%3Cb%3E%D0%9C%D0%BE%D0%BD%D1%82%D0%B0%D0%B6%D0%BD%D0%B8%D0%BA%3C%2Fb%3E%0A%F0%9F%8F%A2+%D0%90%D0%B3%D0%B5%D0%BD%D1%82+%D0%A1%D0%BD%D0%B0%D0%B1%D0%B6%D0%B5%D0%BD%D0%B8%D1%8F%0A%F0%9F%93%8D+%D0%A1%D0%B5%D1%80%D0%BF%D1%83%D1%85%D0%BE%D0%B2%0A%F0%9F%92%B0+70%2C000+-+90%2C000+%D1%80%D1%83%D0%B1.%0A%0A&reply_markup=%7B%22inline_keyboard%22%3A+%5B%5B%7B%22text%22%3A+%22%5Cud83d%5Cudc40+Python+%5Cu0440%5Cu0430%5Cu0437%5Cu0440%5Cu0430%5Cu0431%5Cu043e%5Cu0442%5Cu0447%5Cu0438%5Cu043a...%22%2C+%22callback_data%22%3A+%22view_job_2%22%7D%5D%2C+%5B%7B%22text%22%3A+%22%5Cud83d%5Cudc40+%5Cu0421%5Cu0432%5Cu0430%5Cu0440%5Cu0449%5Cu0438%5Cu043a...%22%2C+%22callback_data%22%3A+%22view_job_3%22%7D%5D%2C+%5B%7B%22text%22%3A+%22%5Cud83d%5Cudc40+%5Cu041c%5Cu043e%5Cu043d%5Cu0442%5Cu0430%5Cu0436%5Cu043d%5Cu0438%5Cu043a...%22%2C+%22callback_data%22%3A+%22view_job_4%22%7D%5D%2C+%5B%7B%22text%22%3A+%22%5Cud83d%5Cudd0d+%5Cu041f%5Cu043e%5Cu0438%5Cu0441%5Cu043a%22%2C+%22callback_data%22%3A+%22search_jobs%22%7D%5D%2C+%5B%7B%22text%22%3A+%22%5Cud83c%5Cudfe0+%5Cu0413%5Cu043b%5Cu0430%5Cu0432%5Cu043d%5Cu043e%5Cu0435+%5Cu043c%5Cu0435%5Cu043d%5Cu044e%22%2C+%22callback_data%22%3A+%22main_menu%22%7D%5D%5D%7D&parse_mode=HTML HTTP/1.1" 200 2114
2025-07-08 16:58:22,505 - urllib3.connectionpool - DEBUG - https://api.telegram.org:443 "POST /bot8171189556:AAEjr_pMy95ae_UvQl-hFz1ziWfbtsz38ec/answerCallbackQuery?callback_query_id=2808416151284051698 HTTP/1.1" 200 25
2025-07-08 16:58:42,233 - urllib3.connectionpool - DEBUG - https://api.telegram.org:443 "GET /bot8171189556:AAEjr_pMy95ae_UvQl-hFz1ziWfbtsz38ec/getUpdates?offset=343807137&timeout=20 HTTP/1.1" 200 23
2025-07-08 16:58:50,068 - urllib3.connectionpool - DEBUG - https://api.telegram.org:443 "GET /bot8171189556:AAEjr_pMy95ae_UvQl-hFz1ziWfbtsz38ec/getUpdates?offset=343807137&timeout=20 HTTP/1.1" 200 2390
2025-07-08 16:58:50,183 - urllib3.connectionpool - DEBUG - https://api.telegram.org:443 "POST /bot8171189556:AAEjr_pMy95ae_UvQl-hFz1ziWfbtsz38ec/editMessageText?text=%F0%9F%8F%A0+%3Cb%3E%D0%93%D0%BB%D0%B0%D0%B2%D0%BD%D0%BE%D0%B5+%D0%BC%D0%B5%D0%BD%D1%8E%3C%2Fb%3E%0A%0A%D0%92%D1%8B+%D0%B2%D0%BE%D1%88%D0%BB%D0%B8+%D0%BA%D0%B0%D0%BA%3A+%D0%A0%D1%83%D1%81%0A%D0%A0%D0%BE%D0%BB%D1%8C%3A+%D0%A1%D0%BE%D0%B8%D1%81%D0%BA%D0%B0%D1%82%D0%B5%D0%BB%D1%8C&chat_id=653885340&message_id=124&parse_mode=HTML&reply_markup=%7B%22inline_keyboard%22%3A+%5B%5B%7B%22text%22%3A+%22%5Cud83d%5Cudd0d+%5Cu041f%5Cu043e%5Cu0438%5Cu0441%5Cu043a+%5Cu0440%5Cu0430%5Cu0431%5Cu043e%5Cu0442%5Cu044b%22%2C+%22callback_data%22%3A+%22search_jobs%22%7D%2C+%7B%22text%22%3A+%22%5Cud83d%5Cudccb+%5Cu0412%5Cu0441%5Cu0435+%5Cu0432%5Cu0430%5Cu043a%5Cu0430%5Cu043d%5Cu0441%5Cu0438%5Cu0438%22%2C+%22callback_data%22%3A+%22all_jobs%22%7D%5D%2C+%5B%7B%22text%22%3A+%22%5Cud83d%5Cudce8+%5Cu041c%5Cu043e%5Cu0438+%5Cu043e%5Cu0442%5Cu043a%5Cu043b%5Cu0438%5Cu043a%5Cu0438%22%2C+%22callback_data%22%3A+%22my_applications%22%7D%2C+%7B%22text%22%3A+%22%5Cud83d%5Cudd14+%5Cu041f%5Cu043e%5Cu0434%5Cu043f%5Cu0438%5Cu0441%5Cu043a%5Cu0438%22%2C+%22callback_data%22%3A+%22subscriptions%22%7D%5D%2C+%5B%7B%22text%22%3A+%22%5Cud83d%5Cudc64+%5Cu041f%5Cu0440%5Cu043e%5Cu0444%5Cu0438%5Cu043b%5Cu044c%22%2C+%22callback_data%22%3A+%22profile%22%7D%2C+%7B%22text%22%3A+%22%5Cu2699%5Cufe0f+%5Cu041d%5Cu0430%5Cu0441%5Cu0442%5Cu0440%5Cu043e%5Cu0439%5Cu043a%5Cu0438%22%2C+%22callback_data%22%3A+%22settings%22%7D%5D%2C+%5B%7B%22text%22%3A+%22%5Cud83d%5Cudd04+%5Cu0421%5Cu043c%5Cu0435%5Cu043d%5Cu0438%5Cu0442%5Cu044c+%5Cu0440%5Cu043e%5Cu043b%5Cu044c%22%2C+%22callback_data%22%3A+%22switch_role%22%7D%2C+%7B%22text%22%3A+%22%5Cu2753+%5Cu041f%5Cu043e%5Cu043c%5Cu043e%5Cu0449%5Cu044c%22%2C+%22callback_data%22%3A+%22help%22%7D%5D%5D%7D HTTP/1.1" 200 1616
2025-07-08 16:58:50,284 - urllib3.connectionpool - DEBUG - https://api.telegram.org:443 "POST /bot8171189556:AAEjr_pMy95ae_UvQl-hFz1ziWfbtsz38ec/answerCallbackQuery?callback_query_id=2808416151149043553 HTTP/1.1" 200 25
2025-07-08 16:58:53,837 - urllib3.connectionpool - DEBUG - https://api.telegram.org:443 "GET /bot8171189556:AAEjr_pMy95ae_UvQl-hFz1ziWfbtsz38ec/getUpdates?offset=343807138&timeout=20 HTTP/1.1" 200 1894
2025-07-08 16:58:53,979 - urllib3.connectionpool - DEBUG - https://api.telegram.org:443 "POST /bot8171189556:AAEjr_pMy95ae_UvQl-hFz1ziWfbtsz38ec/answerCallbackQuery?callback_query_id=2808416151976953984&text=%F0%9F%94%A7+%D0%A4%D1%83%D0%BD%D0%BA%D1%86%D0%B8%D1%8F+%D0%B2+%D1%80%D0%B0%D0%B7%D1%80%D0%B0%D0%B1%D0%BE%D1%82%D0%BA%D0%B5 HTTP/1.1" 200 25
2025-07-08 16:58:54,106 - urllib3.connectionpool - DEBUG - https://api.telegram.org:443 "POST /bot8171189556:AAEjr_pMy95ae_UvQl-hFz1ziWfbtsz38ec/answerCallbackQuery?callback_query_id=2808416151976953984 HTTP/1.1" 200 25
2025-07-08 16:59:00,830 - urllib3.connectionpool - DEBUG - https://api.telegram.org:443 "GET /bot8171189556:AAEjr_pMy95ae_UvQl-hFz1ziWfbtsz38ec/getUpdates?offset=343807139&timeout=20 HTTP/1.1" 200 1890
2025-07-08 16:59:00,957 - urllib3.connectionpool - DEBUG - https://api.telegram.org:443 "POST /bot8171189556:AAEjr_pMy95ae_UvQl-hFz1ziWfbtsz38ec/answerCallbackQuery?callback_query_id=2808416152205667435&text=%F0%9F%94%A7+%D0%A4%D1%83%D0%BD%D0%BA%D1%86%D0%B8%D1%8F+%D0%B2+%D1%80%D0%B0%D0%B7%D1%80%D0%B0%D0%B1%D0%BE%D1%82%D0%BA%D0%B5 HTTP/1.1" 200 25
2025-07-08 16:59:01,086 - urllib3.connectionpool - DEBUG - https://api.telegram.org:443 "POST /bot8171189556:AAEjr_pMy95ae_UvQl-hFz1ziWfbtsz38ec/answerCallbackQuery?callback_query_id=2808416152205667435 HTTP/1.1" 200 25
2025-07-08 16:59:20,892 - urllib3.connectionpool - DEBUG - https://api.telegram.org:443 "GET /bot8171189556:AAEjr_pMy95ae_UvQl-hFz1ziWfbtsz38ec/getUpdates?offset=343807140&timeout=20 HTTP/1.1" 200 23
2025-07-08 16:59:40,946 - urllib3.connectionpool - DEBUG - https://api.telegram.org:443 "GET /bot8171189556:AAEjr_pMy95ae_UvQl-hFz1ziWfbtsz38ec/getUpdates?offset=343807140&timeout=20 HTTP/1.1" 200 23
2025-07-08 17:00:01,011 - urllib3.connectionpool - DEBUG - https://api.telegram.org:443 "GET /bot8171189556:AAEjr_pMy95ae_UvQl-hFz1ziWfbtsz38ec/getUpdates?offset=343807140&timeout=20 HTTP/1.1" 200 23
2025-07-08 17:00:02,208 - schedule - DEBUG - Running job Job(interval=5, unit=minutes, do=send_immediate_notifications, args=(), kwargs={})
2025-07-08 17:00:21,065 - urllib3.connectionpool - DEBUG - https://api.telegram.org:443 "GET /bot8171189556:AAEjr_pMy95ae_UvQl-hFz1ziWfbtsz38ec/getUpdates?offset=343807140&timeout=20 HTTP/1.1" 200 23
2025-07-08 17:00:41,118 - urllib3.connectionpool - DEBUG - https://api.telegram.org:443 "GET /bot8171189556:AAEjr_pMy95ae_UvQl-hFz1ziWfbtsz38ec/getUpdates?offset=343807140&timeout=20 HTTP/1.1" 200 23
